<?xml version="1.0" encoding="UTF-8"?>
<robot generator="Robot 7.0 (Python 3.8.18 on linux)" generated="2024-02-29T14:17:13.404212" rpa="false" schemaversion="5">
<suite id="s1" name="Tests" source="/home/runner/work/robot-applitools-tests/robot-applitools-tests/tests">
<suite id="s1-s1" name="Visual Test 3" source="/home/runner/work/robot-applitools-tests/robot-applitools-tests/tests/visual_test_3.robot">
<test id="s1-s1-t1" name="Eyes Page" line="10">
<kw name="Before Visual Tests" owner="common_keywords" type="SETUP">
<kw name="Open Browser" owner="SeleniumLibrary">
<msg time="2024-02-29T14:17:15.078002" level="INFO">Opening browser 'headless Chrome' to base url 'https://applitools.com/'.</msg>
<arg>${BASE_URL}</arg>
<arg>${HEADLESS} ${BROWSER}</arg>
<doc>Opens a new browser instance to the optional ``url``.</doc>
<status status="PASS" start="2024-02-29T14:17:15.077490" elapsed="2.379286"/>
</kw>
<kw name="Eyes Open" owner="EyesLibrary">
<arg>${TEST_NAME}</arg>
<arg>${VIEWPORT_SIZE}</arg>
<arg>${APP_NAME}</arg>
<arg>${HOST_OS}</arg>
<arg>${HOST_APP}</arg>
<arg>${MATCH_LEVEL}</arg>
<arg>${BASELINE_ENV_NAME}</arg>
<arg>${BATCH_NAME}</arg>
<tag>Check flow</tag>
<doc>Shared parameters section from `applitools.yaml` could be overwritten during `Eyes Open` call, see `Preconditions`.</doc>
<status status="PASS" start="2024-02-29T14:17:17.457662" elapsed="0.551023"/>
</kw>
<status status="PASS" start="2024-02-29T14:17:15.076088" elapsed="2.933000"/>
</kw>
<kw name="Visual Test Page" owner="common_keywords">
<kw name="Go To" owner="SeleniumLibrary">
<msg time="2024-02-29T14:17:18.010928" level="INFO">Opening url 'https://applitools.com//platform/eyes/'</msg>
<arg>${page}</arg>
<doc>Navigates the current browser window to the provided ``url``.</doc>
<status status="PASS" start="2024-02-29T14:17:18.010558" elapsed="0.620976"/>
</kw>
<kw name="Eyes Check Window" owner="EyesLibrary">
<tag>Allow to pass Check Settings keywords</tag>
<tag>Check flow</tag>
<doc>Check current browser window</doc>
<status status="PASS" start="2024-02-29T14:17:18.631996" elapsed="3.056307"/>
</kw>
<kw name="Eyes Close Async" owner="EyesLibrary">
<tag>Check flow</tag>
<doc>Closes a session and returns the results of the session.
If a test is running, aborts it. Otherwise, does nothing.</doc>
<status status="PASS" start="2024-02-29T14:17:21.688761" elapsed="0.005566"/>
</kw>
<arg>${BASE_URL}/platform/eyes/</arg>
<status status="PASS" start="2024-02-29T14:17:18.009656" elapsed="3.684856"/>
</kw>
<kw name="After Visual Tests" owner="common_keywords" type="TEARDOWN">
<kw name="Close All Browsers" owner="SeleniumLibrary">
<doc>Closes all open browsers and resets the browser cache.</doc>
<status status="PASS" start="2024-02-29T14:17:21.695659" elapsed="0.070095"/>
</kw>
<status status="PASS" start="2024-02-29T14:17:21.695085" elapsed="0.070873"/>
</kw>
<status status="PASS" start="2024-02-29T14:17:15.074132" elapsed="6.691926"/>
</test>
<meta name="Applitools TestResults Path">/tmp/tmp9qjc9qea/EyesTestResults-7784cefaec104d38bee6666a74566ad0.json</meta>
<status status="PASS" start="2024-02-29T14:17:13.441520" elapsed="8.325430"/>
</suite>
<status status="PASS" start="2024-02-29T14:17:13.412485" elapsed="8.355565"/>
</suite>
<statistics>
<total>
<stat pass="1" fail="0" skip="0">All Tests</stat>
</total>
<tag>
</tag>
<suite>
<stat pass="1" fail="0" skip="0" id="s1" name="Tests">Tests</stat>
<stat pass="1" fail="0" skip="0" id="s1-s1" name="Visual Test 3">Tests.Visual Test 3</stat>
</suite>
</statistics>
<errors>
</errors>
</robot>
