<?xml version="1.0" encoding="UTF-8"?>
<robot generator="Robot 7.0 (Python 3.8.18 on linux)" generated="2024-02-29T14:09:17.273698" rpa="false" schemaversion="5">
<suite id="s1" name="Tests" source="/home/runner/work/robot-visual-tests/robot-visual-tests/tests">
<suite id="s1-s1" name="Visual Test 1" source="/home/runner/work/robot-visual-tests/robot-visual-tests/tests/visual_test_1.robot">
<test id="s1-s1-t1" name="Why Applitools Page" line="10">
<kw name="Before Visual Tests" owner="common_keywords" type="SETUP">
<kw name="Open Browser" owner="SeleniumLibrary">
<msg time="2024-02-29T14:09:18.922945" level="INFO">Opening browser 'headless Chrome' to base url 'https://applitools.com/'.</msg>
<arg>${BASE_URL}</arg>
<arg>${HEADLESS} ${BROWSER}</arg>
<doc>Opens a new browser instance to the optional ``url``.</doc>
<status status="PASS" start="2024-02-29T14:09:18.922324" elapsed="12.354913"/>
</kw>
<kw name="Eyes Open" owner="EyesLibrary">
<arg>${TEST_NAME}</arg>
<arg>${VIEWPORT_SIZE}</arg>
<arg>${APP_NAME}</arg>
<arg>${HOST_OS}</arg>
<arg>${HOST_APP}</arg>
<arg>${MATCH_LEVEL}</arg>
<arg>${BASELINE_ENV_NAME}</arg>
<arg>${BATCH_NAME}</arg>
<tag>Check flow</tag>
<doc>Shared parameters section from `applitools.yaml` could be overwritten during `Eyes Open` call, see `Preconditions`.</doc>
<status status="PASS" start="2024-02-29T14:09:31.278081" elapsed="0.934709"/>
</kw>
<status status="PASS" start="2024-02-29T14:09:18.920474" elapsed="13.292572"/>
</kw>
<kw name="Visual Test Page" owner="common_keywords">
<kw name="Go To" owner="SeleniumLibrary">
<msg time="2024-02-29T14:09:32.214141" level="INFO">Opening url 'https://applitools.com//why-applitools/'</msg>
<arg>${page}</arg>
<doc>Navigates the current browser window to the provided ``url``.</doc>
<status status="PASS" start="2024-02-29T14:09:32.213934" elapsed="0.819999"/>
</kw>
<kw name="Eyes Check Window" owner="EyesLibrary">
<tag>Allow to pass Check Settings keywords</tag>
<tag>Check flow</tag>
<doc>Check current browser window</doc>
<status status="PASS" start="2024-02-29T14:09:33.034404" elapsed="2.388798"/>
</kw>
<kw name="Eyes Close Async" owner="EyesLibrary">
<tag>Check flow</tag>
<doc>Closes a session and returns the results of the session.
If a test is running, aborts it. Otherwise, does nothing.</doc>
<status status="PASS" start="2024-02-29T14:09:35.423554" elapsed="0.008577"/>
</kw>
<arg>${BASE_URL}/why-applitools/</arg>
<status status="PASS" start="2024-02-29T14:09:32.213411" elapsed="3.218933"/>
</kw>
<kw name="After Visual Tests" owner="common_keywords" type="TEARDOWN">
<kw name="Close All Browsers" owner="SeleniumLibrary">
<doc>Closes all open browsers and resets the browser cache.</doc>
<status status="PASS" start="2024-02-29T14:09:35.433420" elapsed="0.072383"/>
</kw>
<status status="PASS" start="2024-02-29T14:09:35.432873" elapsed="0.073151"/>
</kw>
<status status="PASS" start="2024-02-29T14:09:18.918618" elapsed="16.587522"/>
</test>
<meta name="Applitools TestResults Path">/tmp/tmpymf7a7ve/EyesTestResults-bf21e3c6d8fe4f989541b2c9f81b2073.json</meta>
<status status="PASS" start="2024-02-29T14:09:17.311564" elapsed="18.195399"/>
</suite>
<status status="PASS" start="2024-02-29T14:09:17.281441" elapsed="18.226459"/>
</suite>
<statistics>
<total>
<stat pass="1" fail="0" skip="0">All Tests</stat>
</total>
<tag>
</tag>
<suite>
<stat pass="1" fail="0" skip="0" id="s1" name="Tests">Tests</stat>
<stat pass="1" fail="0" skip="0" id="s1-s1" name="Visual Test 1">Tests.Visual Test 1</stat>
</suite>
</statistics>
<errors>
</errors>
</robot>
