<?xml version="1.0" encoding="UTF-8"?>
<robot generator="Robot 7.0 (Python 3.8.18 on linux)" generated="2024-02-29T14:34:04.953885" rpa="false" schemaversion="5">
<suite id="s1" name="Tests" source="/home/runner/work/robot-applitools-tests/robot-applitools-tests/tests">
<suite id="s1-s1" name="Visual Test 1" source="/home/runner/work/robot-applitools-tests/robot-applitools-tests/tests/visual_test_1.robot">
<test id="s1-s1-t1" name="Why Applitools Page" line="10">
<kw name="Before Visual Tests" owner="common_keywords" type="SETUP">
<kw name="Open Browser" owner="SeleniumLibrary">
<msg time="2024-02-29T14:34:06.636821" level="INFO">Opening browser 'headless Chrome' to base url 'https://applitools.com/'.</msg>
<arg>${BASE_URL}</arg>
<arg>${HEADLESS} ${BROWSER}</arg>
<doc>Opens a new browser instance to the optional ``url``.</doc>
<status status="PASS" start="2024-02-29T14:34:06.636124" elapsed="9.924081"/>
</kw>
<kw name="Eyes Open" owner="EyesLibrary">
<arg>${TEST_NAME}</arg>
<arg>${VIEWPORT_SIZE}</arg>
<arg>${APP_NAME}</arg>
<arg>${HOST_OS}</arg>
<arg>${HOST_APP}</arg>
<arg>${MATCH_LEVEL}</arg>
<arg>${BASELINE_ENV_NAME}</arg>
<arg>${BATCH_NAME}</arg>
<tag>Check flow</tag>
<doc>Shared parameters section from `applitools.yaml` could be overwritten during `Eyes Open` call, see `Preconditions`.</doc>
<status status="PASS" start="2024-02-29T14:34:16.560954" elapsed="0.466797"/>
</kw>
<status status="PASS" start="2024-02-29T14:34:06.634169" elapsed="10.393967"/>
</kw>
<kw name="Visual Test Page" owner="common_keywords">
<kw name="Go To" owner="SeleniumLibrary">
<msg time="2024-02-29T14:34:17.029988" level="INFO">Opening url 'https://applitools.com//why-applitools/'</msg>
<arg>${page}</arg>
<doc>Navigates the current browser window to the provided ``url``.</doc>
<status status="PASS" start="2024-02-29T14:34:17.029643" elapsed="16.709840"/>
</kw>
<kw name="Eyes Check Window" owner="EyesLibrary">
<tag>Allow to pass Check Settings keywords</tag>
<tag>Check flow</tag>
<doc>Check current browser window</doc>
<status status="PASS" start="2024-02-29T14:34:33.739899" elapsed="2.009609"/>
</kw>
<kw name="Eyes Close Async" owner="EyesLibrary">
<tag>Check flow</tag>
<doc>Closes a session and returns the results of the session.
If a test is running, aborts it. Otherwise, does nothing.</doc>
<status status="PASS" start="2024-02-29T14:34:35.749918" elapsed="0.003184"/>
</kw>
<arg>${BASE_URL}/why-applitools/</arg>
<status status="PASS" start="2024-02-29T14:34:17.028734" elapsed="18.724531"/>
</kw>
<kw name="After Visual Tests" owner="common_keywords" type="TEARDOWN">
<kw name="Close All Browsers" owner="SeleniumLibrary">
<doc>Closes all open browsers and resets the browser cache.</doc>
<status status="PASS" start="2024-02-29T14:34:35.754028" elapsed="0.070699"/>
</kw>
<status status="PASS" start="2024-02-29T14:34:35.753645" elapsed="0.071315"/>
</kw>
<status status="PASS" start="2024-02-29T14:34:06.632339" elapsed="29.192752"/>
</test>
<meta name="Applitools TestResults Path">/tmp/tmp1k9x05lh/EyesTestResults-dd265440259f4a3c9bd54fb729c2d17d.json</meta>
<status status="PASS" start="2024-02-29T14:34:04.975792" elapsed="30.850352"/>
</suite>
<status status="PASS" start="2024-02-29T14:34:04.958824" elapsed="30.868348"/>
</suite>
<statistics>
<total>
<stat pass="1" fail="0" skip="0">All Tests</stat>
</total>
<tag>
</tag>
<suite>
<stat pass="1" fail="0" skip="0" id="s1" name="Tests">Tests</stat>
<stat pass="1" fail="0" skip="0" id="s1-s1" name="Visual Test 1">Tests.Visual Test 1</stat>
</suite>
</statistics>
<errors>
</errors>
</robot>
